<?xml version="1.0" encoding="UTF-8"?>
<!-- Generated by org.testng.reporters.JUnitReportReporter -->
<testsuite skipped="0" hostname="INW-170" name="com.maven.CapsuleTest.LoginTest" tests="3" failures="0" timestamp="28 Aug 2019 14:29:56 GMT" time="6.150" errors="0">
  <testcase name="SubmitTest" time="5.758" classname="com.maven.CapsuleTest.LoginTest"/>
  <testcase name="PasswordTest" time="0.212" classname="com.maven.CapsuleTest.LoginTest"/>
  <testcase name="UsernameTest" time="0.180" classname="com.maven.CapsuleTest.LoginTest"/>
</testsuite> <!-- com.maven.CapsuleTest.LoginTest -->
