<?xml version="1.0" encoding="UTF-8"?>
<!-- Generated by org.testng.reporters.JUnitReportReporter -->
<testsuite skipped="0" hostname="INW-170" name="com.maven.PchTestClass.LoginTest" tests="3" failures="0" timestamp="23 May 2019 11:56:42 GMT" time="1.608" errors="0">
  <testcase name="SubmitbtnTest" time="0.398" classname="com.maven.PchTestClass.LoginTest"/>
  <testcase name="PwdTest" time="0.381" classname="com.maven.PchTestClass.LoginTest"/>
  <testcase name="EmailTest" time="0.829" classname="com.maven.PchTestClass.LoginTest"/>
</testsuite> <!-- com.maven.PchTestClass.LoginTest -->
