<?xml version="1.0" encoding="UTF-8"?>
<!-- Generated by org.testng.reporters.JUnitReportReporter -->
<testsuite skipped="0" hostname="INW-170" name="com.maven.CapsuleTest.AddPeopleTest" tests="22" failures="0" timestamp="28 Aug 2019 14:29:56 GMT" time="12.688" errors="0">
  <testcase name="LNameTest" time="0.138" classname="com.maven.CapsuleTest.AddPeopleTest"/>
  <testcase name="SaveBtnTest" time="3.445" classname="com.maven.CapsuleTest.AddPeopleTest"/>
  <testcase name="SocialsTest" time="0.148" classname="com.maven.CapsuleTest.AddPeopleTest"/>
  <testcase name="TitleTest" time="0.231" classname="com.maven.CapsuleTest.AddPeopleTest"/>
  <testcase name="StateTest" time="0.238" classname="com.maven.CapsuleTest.AddPeopleTest"/>
  <testcase name="CityTest" time="0.191" classname="com.maven.CapsuleTest.AddPeopleTest"/>
  <testcase name="FNameTest" time="0.266" classname="com.maven.CapsuleTest.AddPeopleTest"/>
  <testcase name="ZipTest" time="0.132" classname="com.maven.CapsuleTest.AddPeopleTest"/>
  <testcase name="EmailTypeTest" time="0.099" classname="com.maven.CapsuleTest.AddPeopleTest"/>
  <testcase name="AddanAddressTest" time="0.101" classname="com.maven.CapsuleTest.AddPeopleTest"/>
  <testcase name="AddressTypeTest" time="0.137" classname="com.maven.CapsuleTest.AddPeopleTest"/>
  <testcase name="JobTitleTest" time="0.231" classname="com.maven.CapsuleTest.AddPeopleTest"/>
  <testcase name="SocialsTypeTest" time="0.153" classname="com.maven.CapsuleTest.AddPeopleTest"/>
  <testcase name="EmailTest" time="0.256" classname="com.maven.CapsuleTest.AddPeopleTest"/>
  <testcase name="AddPersonTest" time="4.250" classname="com.maven.CapsuleTest.AddPeopleTest"/>
  <testcase name="AddressTest" time="0.513" classname="com.maven.CapsuleTest.AddPeopleTest"/>
  <testcase name="PeopleTest" time="0.189" classname="com.maven.CapsuleTest.AddPeopleTest"/>
  <testcase name="PhoneTypeTest" time="0.105" classname="com.maven.CapsuleTest.AddPeopleTest"/>
  <testcase name="WebsitesTest" time="0.488" classname="com.maven.CapsuleTest.AddPeopleTest"/>
  <testcase name="CountryTest" time="0.996" classname="com.maven.CapsuleTest.AddPeopleTest"/>
  <testcase name="OrganisationTest" time="0.170" classname="com.maven.CapsuleTest.AddPeopleTest"/>
  <testcase name="PhoneNumberTest" time="0.211" classname="com.maven.CapsuleTest.AddPeopleTest"/>
</testsuite> <!-- com.maven.CapsuleTest.AddPeopleTest -->
