<?xml version="1.0" encoding="UTF-8"?>
<!-- Generated by org.testng.reporters.JUnitReportReporter -->
<testsuite skipped="0" hostname="INW-170" name="com.maven.PchTestClass.FullRegtest" tests="18" failures="0" timestamp="09 Jul 2019 07:24:11 GMT" time="0.677" errors="0">
  <testcase name="TitleTest" time="0.038" classname="com.maven.PchTestClass.FullRegtest"/>
  <testcase name="PwdTest" time="0.032" classname="com.maven.PchTestClass.FullRegtest"/>
  <testcase name="Refresh" time="0.108" classname="com.maven.PchTestClass.FullRegtest"/>
  <testcase name="AptTest" time="0.029" classname="com.maven.PchTestClass.FullRegtest"/>
  <testcase name="CityTest" time="0.029" classname="com.maven.PchTestClass.FullRegtest"/>
  <testcase name="SubmitbtnTest" time="0.024" classname="com.maven.PchTestClass.FullRegtest"/>
  <testcase name="ZipTest" time="0.034" classname="com.maven.PchTestClass.FullRegtest"/>
  <testcase name="TitleTest1" time="0.033" classname="com.maven.PchTestClass.FullRegtest"/>
  <testcase name="CnEmailTest" time="0.023" classname="com.maven.PchTestClass.FullRegtest"/>
  <testcase name="AddTest" time="0.079" classname="com.maven.PchTestClass.FullRegtest"/>
  <testcase name="BlankSubmitbtnTest" time="0.038" classname="com.maven.PchTestClass.FullRegtest"/>
  <testcase name="StateTest" time="0.035" classname="com.maven.PchTestClass.FullRegtest"/>
  <testcase name="CnPwdTest" time="0.044" classname="com.maven.PchTestClass.FullRegtest"/>
  <testcase name="FirstNameTest" time="0.030" classname="com.maven.PchTestClass.FullRegtest"/>
  <testcase name="LastNameTest" time="0.021" classname="com.maven.PchTestClass.FullRegtest"/>
  <testcase name="EmailTest" time="0.035" classname="com.maven.PchTestClass.FullRegtest"/>
  <testcase name="FirstNameTest1" time="0.027" classname="com.maven.PchTestClass.FullRegtest"/>
  <testcase name="LastNameTest1" time="0.018" classname="com.maven.PchTestClass.FullRegtest"/>
</testsuite> <!-- com.maven.PchTestClass.FullRegtest -->
