<?xml version="1.0" encoding="UTF-8"?>
<!-- Generated by org.testng.reporters.JUnitReportReporter -->
<testsuite skipped="1" hostname="INW-170" name="com.maven.ExtentReport.ExtentDemo" tests="3" failures="0" timestamp="06 Mar 2019 14:51:20 GMT" time="0.120" errors="0">
  <testcase name="skipTest" time="0.008" classname="com.maven.ExtentReport.ExtentDemo">
    <skipped/>
  </testcase> <!-- skipTest -->
  <testcase name="reportPassTest1" time="0.068" classname="com.maven.ExtentReport.ExtentDemo"/>
  <testcase name="reportPassTest2" time="0.044" classname="com.maven.ExtentReport.ExtentDemo"/>
</testsuite> <!-- com.maven.ExtentReport.ExtentDemo -->
