<?xml version="1.0" encoding="UTF-8"?>
<!-- Generated by org.testng.reporters.JUnitReportReporter -->
<testsuite skipped="0" hostname="INW-170" name="com.maven.CapsuleMain.Test.NewCase" tests="1" failures="0" timestamp="30 Sep 2019 11:27:18 GMT" time="5.168" errors="0">
  <testcase name="NewCaseTest" time="5.168" classname="com.maven.CapsuleMain.Test.NewCase"/>
</testsuite> <!-- com.maven.CapsuleMain.Test.NewCase -->
