<?xml version="1.0" encoding="UTF-8"?>
<!-- Generated by org.testng.reporters.JUnitReportReporter -->
<testsuite skipped="0" hostname="INW-170" name="com.maven.CapsuleMain.Class.OpenTest" tests="1" failures="0" timestamp="19 Sep 2019 09:17:17 GMT" time="4.442" errors="0">
  <testcase name="Browser" time="4.442" classname="com.maven.CapsuleMain.Class.OpenTest"/>
</testsuite> <!-- com.maven.CapsuleMain.Class.OpenTest -->
