<?xml version="1.0" encoding="UTF-8"?>
<!-- Generated by org.testng.reporters.JUnitReportReporter -->
<testsuite skipped="0" hostname="INW-170" name="com.maven.CapsuleMain.Test.NewPerson" tests="1" failures="0" timestamp="30 Sep 2019 11:27:18 GMT" time="9.086" errors="0">
  <testcase name="NewPersonTest" time="9.086" classname="com.maven.CapsuleMain.Test.NewPerson"/>
</testsuite> <!-- com.maven.CapsuleMain.Test.NewPerson -->
