<?xml version="1.0" encoding="UTF-8"?>
<!-- Generated by org.testng.reporters.JUnitReportReporter -->
<testsuite skipped="0" hostname="INW-170" name="com.maven.newpackage.TitleTest" tests="1" failures="0" timestamp="01 Mar 2019 07:46:08 GMT" time="1.367" errors="0">
  <testcase name="gettitletest" time="1.367" classname="com.maven.newpackage.TitleTest"/>
</testsuite> <!-- com.maven.newpackage.TitleTest -->
