<?xml version="1.0" encoding="UTF-8"?>
<!-- Generated by org.testng.reporters.JUnitReportReporter -->
<testsuite skipped="0" hostname="INW-170" name="com.maven.CapsuleTest.AddCasesTest" tests="7" failures="0" timestamp="28 Aug 2019 14:29:56 GMT" time="5.403" errors="0">
  <testcase name="NameTxtBxTest" time="0.176" classname="com.maven.CapsuleTest.AddCasesTest"/>
  <testcase name="DescrpTest" time="0.226" classname="com.maven.CapsuleTest.AddCasesTest"/>
  <testcase name="AddCasesTest" time="0.854" classname="com.maven.CapsuleTest.AddCasesTest"/>
  <testcase name="CasesTest" time="0.135" classname="com.maven.CapsuleTest.AddCasesTest"/>
  <testcase name="TagTest" time="0.213" classname="com.maven.CapsuleTest.AddCasesTest"/>
  <testcase name="CasesTextBxTest" time="3.680" classname="com.maven.CapsuleTest.AddCasesTest"/>
  <testcase name="SaveBtnTest" time="0.119" classname="com.maven.CapsuleTest.AddCasesTest"/>
</testsuite> <!-- com.maven.CapsuleTest.AddCasesTest -->
