<?xml version="1.0" encoding="UTF-8"?>
<!-- Generated by org.testng.reporters.JUnitReportReporter -->
<testsuite skipped="0" hostname="INW-170" name="com.maven.newpackage.AppTest" tests="1" failures="0" timestamp="17 Sep 2019 10:25:59 GMT" time="0.115" errors="0">
  <testcase name="doing" time="0.115" classname="com.maven.newpackage.AppTest"/>
</testsuite> <!-- com.maven.newpackage.AppTest -->
