<?xml version="1.0" encoding="UTF-8"?>
<!-- Generated by org.testng.reporters.JUnitReportReporter -->
<testsuite skipped="0" hostname="INW-170" name="com.maven.CapsuleMain.Test.TestClasses" tests="3" failures="0" timestamp="04 Oct 2019 09:59:58 GMT" time="72.128" errors="0">
  <testcase name="NewPersonTest" time="25.918" classname="com.maven.CapsuleMain.Test.TestClasses"/>
  <testcase name="LoginTest" time="38.517" classname="com.maven.CapsuleMain.Test.TestClasses"/>
  <testcase name="NewCaseTest" time="7.693" classname="com.maven.CapsuleMain.Test.TestClasses"/>
</testsuite> <!-- com.maven.CapsuleMain.Test.TestClasses -->
