<?xml version="1.0" encoding="UTF-8"?>
<!-- Generated by org.testng.reporters.JUnitReportReporter -->
<testsuite skipped="0" hostname="INW-170" name="com.maven.Utilities.OpenTest" tests="1" failures="0" timestamp="04 Oct 2019 09:59:58 GMT" time="7.303" errors="0">
  <testcase name="Browser" time="7.303" classname="com.maven.Utilities.OpenTest"/>
</testsuite> <!-- com.maven.Utilities.OpenTest -->
